mktextfm jkpmn8t+10
mktextfm jkpmn8t-10
mktextfm jkpmn8t+10
mktextfm jkpmn8t-10
mktextfm jkpmsc8t+100ls+10
mktextfm jkpmsc8t+100ls-10
mktextfm jkpmsc8t-10
mktextfm jkpmn7t+10
mktextfm jkpmn7t-10
mktextfm jkpmn7t+10
mktextfm jkpmn7t-10
mktextfm jkpmit8t+10
mktextfm jkpmit8t-10
mktextfm jkpmn7t+10
mktextfm jkpmn7t-10
mktextfm jkpmsc8t+100ls+10
mktextfm jkpmsc8t+100ls-10
mktextfm jkpmsc8t-10
mktextfm jkpmn8t+10
mktextfm jkpmn8t-10
mktextfm jkpmn8t+10
mktextfm jkpmn8t-10
mktextfm jkpmn8t+10
mktextfm jkpmn8t-10
mktextfm jkpmn7t+10
mktextfm jkpmn7t-10
mktextfm jkpmn7t+10
mktextfm jkpmn7t-10
mktextfm jkpmit8t+10
mktextfm jkpmit8t-10
mktextfm jkpmn7t+10
mktextfm jkpmn7t-10
mktextfm jkpmsc8t+100ls+10
mktextfm jkpmsc8t+100ls-10
mktextfm jkpmsc8t-10
mktextfm jkpmn8t+10
mktextfm jkpmn8t-10
mktextfm jkpmsc8t+100ls+10
mktextfm jkpmsc8t+100ls-10
mktextfm jkpmsc8t-10
mktextfm jkpmn8t+10
mktextfm jkpmn8t-10
mktextfm jkpmn8t+10
mktextfm jkpmn8t-10
